2024-09-19T20:12:48.569461Z DEBUG flox_watchdog::sentry: Initializing Sentry with DSN: https://85c9526795f5047c99a5247aab616295:@o4506548203094016.ingest.us.sentry.io/4506548241825792
2024-09-19T20:12:48.569867Z DEBUG sentry: enabled sentry client for DSN https://85c9526795f5047c99a5247aab616295:@o4506548203094016.ingest.us.sentry.io/4506548241825792    
2024-09-19T20:12:48.569966Z DEBUG watchdog{pid=53492 registry="/Users/arnau/.local/share/flox/env-registry.json" dot_flox_hash="35575345" socket="/Users/arnau/.cache/flox/run/flox.35575345.sock" log_dir="/Users/arnau/Documents/dev/rust-minikeyvalue/.flox/log"}: flox_watchdog: starting
2024-09-19T20:12:48.569988Z DEBUG watchdog{pid=53492 registry="/Users/arnau/.local/share/flox/env-registry.json" dot_flox_hash="35575345" socket="/Users/arnau/.cache/flox/run/flox.35575345.sock" log_dir="/Users/arnau/Documents/dev/rust-minikeyvalue/.flox/log"}: flox_watchdog: registered termination interest
2024-09-19T20:12:48.570159Z DEBUG watchdog{pid=53492 registry="/Users/arnau/.local/share/flox/env-registry.json" dot_flox_hash="35575345" socket="/Users/arnau/.cache/flox/run/flox.35575345.sock" log_dir="/Users/arnau/Documents/dev/rust-minikeyvalue/.flox/log"}: flox_watchdog: checked socket path="/Users/arnau/.cache/flox/run/flox.35575345.sock" exists=false
2024-09-19T20:12:48.570241Z DEBUG watchdog{pid=53492 registry="/Users/arnau/.local/share/flox/env-registry.json" dot_flox_hash="35575345" socket="/Users/arnau/.cache/flox/run/flox.35575345.sock" log_dir="/Users/arnau/Documents/dev/rust-minikeyvalue/.flox/log"}: flox_rust_sdk::models::env_registry: registering activation pid=53492 hash="35575345"
2024-09-19T20:12:48.570527Z  INFO watchdog{pid=53492 registry="/Users/arnau/.local/share/flox/env-registry.json" dot_flox_hash="35575345" socket="/Users/arnau/.cache/flox/run/flox.35575345.sock" log_dir="/Users/arnau/Documents/dev/rust-minikeyvalue/.flox/log"}: flox_watchdog: watchdog is on duty this_pid=53493 target_pid=53492
2024-09-19T20:12:48.570565Z DEBUG flox_watchdog::logger: still watching, woof woof
2024-09-19T20:31:36.062482Z DEBUG watchdog{pid=53492 registry="/Users/arnau/.local/share/flox/env-registry.json" dot_flox_hash="35575345" socket="/Users/arnau/.cache/flox/run/flox.35575345.sock" log_dir="/Users/arnau/Documents/dev/rust-minikeyvalue/.flox/log"}: flox_watchdog: received termination event, will proceed
2024-09-19T20:31:36.063645Z DEBUG watchdog{pid=53492 registry="/Users/arnau/.local/share/flox/env-registry.json" dot_flox_hash="35575345" socket="/Users/arnau/.cache/flox/run/flox.35575345.sock" log_dir="/Users/arnau/Documents/dev/rust-minikeyvalue/.flox/log"}: flox_rust_sdk::models::env_registry: deregistering activation pid=53492 hash="35575345"
2024-09-19T20:31:36.064315Z DEBUG watchdog{pid=53492 registry="/Users/arnau/.local/share/flox/env-registry.json" dot_flox_hash="35575345" socket="/Users/arnau/.cache/flox/run/flox.35575345.sock" log_dir="/Users/arnau/Documents/dev/rust-minikeyvalue/.flox/log"}: flox_watchdog: remaining activations n=1
2024-09-19T20:31:36.064364Z DEBUG watchdog{pid=53492 registry="/Users/arnau/.local/share/flox/env-registry.json" dot_flox_hash="35575345" socket="/Users/arnau/.cache/flox/run/flox.35575345.sock" log_dir="/Users/arnau/Documents/dev/rust-minikeyvalue/.flox/log"}: flox_watchdog: did not shut down process-compose reason="remaining activations"
2024-09-19T20:31:36.064380Z  INFO watchdog{pid=53492 registry="/Users/arnau/.local/share/flox/env-registry.json" dot_flox_hash="35575345" socket="/Users/arnau/.cache/flox/run/flox.35575345.sock" log_dir="/Users/arnau/Documents/dev/rust-minikeyvalue/.flox/log"}: flox_watchdog: exiting
2024-09-19T20:31:36.064499Z DEBUG sentry: dropping client guard -> disposing client    
2024-09-19T20:31:36.064629Z DEBUG sentry: client close; request transport to shut down    
2024-09-19T20:31:36.064901Z DEBUG reqwest::connect: starting new connection: https://o4506548203094016.ingest.us.sentry.io/    
2024-09-19T20:31:36.065023Z DEBUG hyper_util::client::legacy::connect::dns: resolving host="o4506548203094016.ingest.us.sentry.io"
2024-09-19T20:31:36.114737Z DEBUG hyper_util::client::legacy::connect::http: connecting to 34.120.195.249:443
2024-09-19T20:31:36.170164Z DEBUG hyper_util::client::legacy::connect::http: connected to 34.120.195.249:443
2024-09-19T20:31:36.369673Z DEBUG hyper_util::client::legacy::pool: pooling idle connection for ("https", o4506548203094016.ingest.us.sentry.io)
2024-09-19T20:31:36.369706Z DEBUG sentry: Get response: `{"id":"6811058b0641461b8478b35f90d23d9c"}`    
